d:\code\trae_code\c_code\obj\win32\debug\vc143.pdb
d:\code\trae_code\c_code\obj\win32\debug\vc143.idb
c:\$recycle.bin\s-1-5-21-3211518171-1415433082-747448990-1001\$ic0gtyd
c:\$recycle.bin\s-1-5-21-3211518171-1415433082-747448990-1001\$i9qeehq
c:\$recycle.bin\s-1-5-21-3211518171-1415433082-747448990-1001\$i4fw1e4
c:\$recycle.bin\s-1-5-21-3211518171-1415433082-747448990-1001\$iqavki8
c:\$recycle.bin\s-1-5-21-3211518171-1415433082-747448990-1001\$iy7akh0
c:\$recycle.bin\s-1-5-21-3211518171-1415433082-747448990-1001\$iixxj1l
c:\$recycle.bin\s-1-5-21-3211518171-1415433082-747448990-1001\$isn8daj
c:\$recycle.bin\s-1-5-21-3211518171-1415433082-747448990-1001\$i6tth2p
c:\$recycle.bin\s-1-5-21-3211518171-1415433082-747448990-1001\$i6puguj
c:\$recycle.bin\s-1-5-21-3211518171-1415433082-747448990-1001\$is57hka
c:\$recycle.bin\s-1-5-21-3211518171-1415433082-747448990-1001\$i0cb9ek
c:\$recycle.bin\s-1-5-21-3211518171-1415433082-747448990-1001\$ibrcywk
d:\code\trae_code\c_code\obj\win32\debug\error_debug.obj
c:\$recycle.bin\s-1-5-21-3211518171-1415433082-747448990-1001\$ifex0hf
c:\$recycle.bin\s-1-5-21-3211518171-1415433082-747448990-1001\$i4s4jv5
c:\$recycle.bin\s-1-5-21-3211518171-1415433082-747448990-1001\$iwtw3vl
c:\$recycle.bin\s-1-5-21-3211518171-1415433082-747448990-1001\$iljktgw
c:\$recycle.bin\s-1-5-21-3211518171-1415433082-747448990-1001\$i8p47lh
c:\$recycle.bin\s-1-5-21-3211518171-1415433082-747448990-1001\$i2w4tki
d:\code\trae_code\c_code\obj\win32\debug\bit_operation.obj
c:\$recycle.bin\s-1-5-21-3211518171-1415433082-747448990-1001\$ihdyj1j
c:\$recycle.bin\s-1-5-21-3211518171-1415433082-747448990-1001\$i7du6ku
c:\$recycle.bin\s-1-5-21-3211518171-1415433082-747448990-1001\$i6t9ech
c:\$recycle.bin\s-1-5-21-3211518171-1415433082-747448990-1001\$i3kpo3y
c:\$recycle.bin\s-1-5-21-3211518171-1415433082-747448990-1001\$il284vc
c:\$recycle.bin\s-1-5-21-3211518171-1415433082-747448990-1001\$i9uorb1
d:\code\trae_code\c_code\obj\win32\debug\file_io.obj
c:\$recycle.bin\s-1-5-21-3211518171-1415433082-747448990-1001\$iyc9jkz
c:\$recycle.bin\s-1-5-21-3211518171-1415433082-747448990-1001\$imidwkb
c:\$recycle.bin\s-1-5-21-3211518171-1415433082-747448990-1001\$i0irnkv
c:\$recycle.bin\s-1-5-21-3211518171-1415433082-747448990-1001\$iqdse20
c:\$recycle.bin\s-1-5-21-3211518171-1415433082-747448990-1001\$imzwsap
c:\$recycle.bin\s-1-5-21-3211518171-1415433082-747448990-1001\$ig2n3zo
d:\code\trae_code\c_code\obj\win32\debug\preprocessor.obj
c:\$recycle.bin\s-1-5-21-3211518171-1415433082-747448990-1001\$i3i7rvl
c:\$recycle.bin\s-1-5-21-3211518171-1415433082-747448990-1001\$iziyu5j
c:\$recycle.bin\s-1-5-21-3211518171-1415433082-747448990-1001\$iib69a4
c:\$recycle.bin\s-1-5-21-3211518171-1415433082-747448990-1001\$iicax30
c:\$recycle.bin\s-1-5-21-3211518171-1415433082-747448990-1001\$i9tc925
c:\$recycle.bin\s-1-5-21-3211518171-1415433082-747448990-1001\$iv1en7b
d:\code\trae_code\c_code\obj\win32\debug\struct_union.obj
c:\$recycle.bin\s-1-5-21-3211518171-1415433082-747448990-1001\$i45a3s0
c:\$recycle.bin\s-1-5-21-3211518171-1415433082-747448990-1001\$iiohoz4
c:\$recycle.bin\s-1-5-21-3211518171-1415433082-747448990-1001\$iswdi8s
c:\$recycle.bin\s-1-5-21-3211518171-1415433082-747448990-1001\$iygnyl7
c:\$recycle.bin\s-1-5-21-3211518171-1415433082-747448990-1001\$ikihdqr
c:\$recycle.bin\s-1-5-21-3211518171-1415433082-747448990-1001\$i3k0i8t
d:\code\trae_code\c_code\obj\win32\debug\pointer_memory.obj
c:\$recycle.bin\s-1-5-21-3211518171-1415433082-747448990-1001\$ipe8u4i
c:\$recycle.bin\s-1-5-21-3211518171-1415433082-747448990-1001\$irqdw0w
c:\$recycle.bin\s-1-5-21-3211518171-1415433082-747448990-1001\$id85oie
c:\$recycle.bin\s-1-5-21-3211518171-1415433082-747448990-1001\$ifiq607
c:\$recycle.bin\s-1-5-21-3211518171-1415433082-747448990-1001\$i0gjrcp
c:\$recycle.bin\s-1-5-21-3211518171-1415433082-747448990-1001\$il66pmq
d:\code\trae_code\c_code\obj\win32\debug\array_string.obj
c:\$recycle.bin\s-1-5-21-3211518171-1415433082-747448990-1001\$irs1516
c:\$recycle.bin\s-1-5-21-3211518171-1415433082-747448990-1001\$ih5spge
c:\$recycle.bin\s-1-5-21-3211518171-1415433082-747448990-1001\$ivczjrf
c:\$recycle.bin\s-1-5-21-3211518171-1415433082-747448990-1001\$i7mwxnu
c:\$recycle.bin\s-1-5-21-3211518171-1415433082-747448990-1001\$igb3d5l
c:\$recycle.bin\s-1-5-21-3211518171-1415433082-747448990-1001\$i6rrxq9
d:\code\trae_code\c_code\obj\win32\debug\function_scope.obj
c:\$recycle.bin\s-1-5-21-3211518171-1415433082-747448990-1001\$ihxlz6q
c:\$recycle.bin\s-1-5-21-3211518171-1415433082-747448990-1001\$ise6knr
c:\$recycle.bin\s-1-5-21-3211518171-1415433082-747448990-1001\$ia1ykm9
c:\$recycle.bin\s-1-5-21-3211518171-1415433082-747448990-1001\$i8qf8ai
c:\$recycle.bin\s-1-5-21-3211518171-1415433082-747448990-1001\$i54z8x4
c:\$recycle.bin\s-1-5-21-3211518171-1415433082-747448990-1001\$ihn5yrj
d:\code\trae_code\c_code\obj\win32\debug\control_flow.obj
c:\$recycle.bin\s-1-5-21-3211518171-1415433082-747448990-1001\$i3jeu6a
c:\$recycle.bin\s-1-5-21-3211518171-1415433082-747448990-1001\$i71hkjn
c:\$recycle.bin\s-1-5-21-3211518171-1415433082-747448990-1001\$iwkiwyp
c:\$recycle.bin\s-1-5-21-3211518171-1415433082-747448990-1001\$ido0zrh
c:\$recycle.bin\s-1-5-21-3211518171-1415433082-747448990-1001\$i13wf0m
c:\$recycle.bin\s-1-5-21-3211518171-1415433082-747448990-1001\$iv1t7gt
d:\code\trae_code\c_code\obj\win32\debug\basic_syntax.obj
c:\$recycle.bin\s-1-5-21-3211518171-1415433082-747448990-1001\$isz564u
c:\$recycle.bin\s-1-5-21-3211518171-1415433082-747448990-1001\$ifmjyo7
c:\$recycle.bin\s-1-5-21-3211518171-1415433082-747448990-1001\$issmcx4
c:\$recycle.bin\s-1-5-21-3211518171-1415433082-747448990-1001\$i6bbhz8
c:\$recycle.bin\s-1-5-21-3211518171-1415433082-747448990-1001\$i1lukqn
c:\$recycle.bin\s-1-5-21-3211518171-1415433082-747448990-1001\$inbepcc
d:\code\trae_code\c_code\obj\win32\debug\main.obj
c:\$recycle.bin\s-1-5-21-3211518171-1415433082-747448990-1001\$i20gxxl
c:\$recycle.bin\s-1-5-21-3211518171-1415433082-747448990-1001\$i9iqbd3
c:\$recycle.bin\s-1-5-21-3211518171-1415433082-747448990-1001\$ix4qtgh
c:\$recycle.bin\s-1-5-21-3211518171-1415433082-747448990-1001\$i709ab1
c:\$recycle.bin\s-1-5-21-3211518171-1415433082-747448990-1001\$i2yu1u7
c:\$recycle.bin\s-1-5-21-3211518171-1415433082-747448990-1001\$i315ys2
d:\code\trae_code\c_code\obj\win32\debug\common_utils.obj
c:\$recycle.bin\s-1-5-21-3211518171-1415433082-747448990-1001\$iwpvppz
c:\$recycle.bin\s-1-5-21-3211518171-1415433082-747448990-1001\$il94yux
c:\$recycle.bin\s-1-5-21-3211518171-1415433082-747448990-1001\$ihv75y5
c:\$recycle.bin\s-1-5-21-3211518171-1415433082-747448990-1001\$iv9mb6u
c:\$recycle.bin\s-1-5-21-3211518171-1415433082-747448990-1001\$ipkuz07
c:\$recycle.bin\s-1-5-21-3211518171-1415433082-747448990-1001\$i45b67h
d:\code\trae_code\c_code\bin\win32\debug\embeddedclearning.exe
c:\$recycle.bin\s-1-5-21-3211518171-1415433082-747448990-1001\$i7vqdcz.tmp
c:\$recycle.bin\s-1-5-21-3211518171-1415433082-747448990-1001\$ivi25kv.tmp
c:\$recycle.bin\s-1-5-21-3211518171-1415433082-747448990-1001\$iq9cf5v.tmp
c:\$recycle.bin\s-1-5-21-3211518171-1415433082-747448990-1001\$i0uqsdb.tmp
c:\$recycle.bin\s-1-5-21-3211518171-1415433082-747448990-1001\$i0443jg.tmp
c:\$recycle.bin\s-1-5-21-3211518171-1415433082-747448990-1001\$iemdq76
c:\$recycle.bin\s-1-5-21-3211518171-1415433082-747448990-1001\$i6032uh
d:\code\trae_code\c_code\bin\win32\debug\embeddedclearning.pdb
d:\code\trae_code\c_code\obj\win32\debug\embeddedclearning.ilk
d:\code\trae_code\c_code\obj\win32\debug\embeddedclearning.vcxproj.filelistabsolute.txt
d:\code\trae_code\c_code\obj\win32\debug\embedded.a1b2c3d4.tlog\cl.command.1.tlog
d:\code\trae_code\c_code\obj\win32\debug\embedded.a1b2c3d4.tlog\cl.items.tlog
d:\code\trae_code\c_code\obj\win32\debug\embedded.a1b2c3d4.tlog\cl.read.1.tlog
d:\code\trae_code\c_code\obj\win32\debug\embedded.a1b2c3d4.tlog\cl.write.1.tlog
d:\code\trae_code\c_code\obj\win32\debug\embedded.a1b2c3d4.tlog\link.command.1.tlog
d:\code\trae_code\c_code\obj\win32\debug\embedded.a1b2c3d4.tlog\link.read.1.tlog
d:\code\trae_code\c_code\obj\win32\debug\embedded.a1b2c3d4.tlog\link.secondary.1.tlog
d:\code\trae_code\c_code\obj\win32\debug\embedded.a1b2c3d4.tlog\link.write.1.tlog
